<?xml version="1.0" encoding="UTF-8"?>
<!-- Generated by org.testng.reporters.JUnitXMLReporter -->
<testsuite hostname="CDC2-D-DPHR6T2" name="Test" tests="6" failures="1" timestamp="6 Jun 2019 09:50:15 GMT" time="0.055" errors="0">
  <testcase name="f" time="0.005" classname="testngpac.test2"/>
  <testcase name="f" time="0.001" classname="testngpac.test2"/>
  <testcase name="login" time="0.002" classname="testngpac.test"/>
  <testcase name="enter" time="0.009" classname="testngpac.TEST4"/>
  <testcase name="login" time="0.002" classname="testngpac.test3">
    <failure type="java.lang.AssertionError" message="expected [hello baby] but found [Hello baby]">
      <![CDATA[java.lang.AssertionError: expected [hello baby] but found [Hello baby]
	at testngpac.test3.login(test3.java:10)
... Removed 30 stack frames]]>
    </failure>
  </testcase> <!-- login -->
  <testcase name="f" time="0.002" classname="testngpac.NewTest"/>
</testsuite> <!-- Test -->
